{"level":"info","message":"inserting into contexts","service":"user-service"}
{"level":"info","message":"Inserted 1 documents into the collection","service":"user-service"}
{"level":"info","context":[],"service":"user-service"}
{"level":"info","message":"inserting into contexts","service":"user-service"}
{"level":"info","message":"Inserted 1 documents into the collection","service":"user-service"}
{"level":"info","context":[],"service":"user-service"}
{"level":"info","context":[],"service":"user-service"}
{"level":"info","context":[],"service":"user-service"}
{"level":"info","context":[],"service":"user-service"}
{"level":"info","context":[{"_id":"609c5eeb3c5a284c90b1ee24","a":1}],"service":"user-service"}
{"level":"info","context":[{"_id":"609c5eeb3c5a284c90b1ee24","a":1}],"service":"user-service"}
{"level":"info","context":[{"_id":"609c5eeb3c5a284c90b1ee24","a":1}],"service":"user-service"}
{"level":"info","context":[{"_id":"609c63a30076f84dad560f9d","contextId":"5bdbc64a-2164-455f-add9-83f27274a32d","filePath":"/uploads/results.json"}],"service":"user-service"}
{"level":"info","context":[{"_id":"609c5eeb3c5a284c90b1ee24","a":1}],"service":"user-service"}
{"level":"info","context":[{"_id":"609c5eeb3c5a284c90b1ee24","a":1}],"service":"user-service"}
{"level":"info","context":[{"_id":"609c63a30076f84dad560f9d","contextId":"5bdbc64a-2164-455f-add9-83f27274a32d","filePath":"/uploads/results.json"}],"service":"user-service"}
{"level":"info","context":[{"_id":"609c63a30076f84dad560f9d","contextId":"5bdbc64a-2164-455f-add9-83f27274a32d","filePath":"/uploads/results.json"}],"service":"user-service"}
{"level":"info","context":[{"_id":"609c63a30076f84dad560f9d","contextId":"5bdbc64a-2164-455f-add9-83f27274a32d","filePath":"/uploads/results.json"}],"service":"user-service"}
{"level":"info","message":"inserting into contexts","service":"user-service"}
{"level":"info","message":"Inserted 1 documents into the collection","service":"user-service"}
{"level":"info","message":"inserting into contexts","service":"user-service"}
{"level":"info","message":"Inserted 1 documents into the collection","service":"user-service"}
{"level":"info","message":"inserting into contexts","service":"user-service"}
{"level":"info","message":"Inserted 1 documents into the collection","service":"user-service"}
{"level":"info","message":"inserting into contexts","service":"user-service"}
{"level":"info","message":"Inserted 1 documents into the collection","service":"user-service"}
{"level":"info","message":"inserting into contexts","service":"user-service"}
{"level":"info","message":"Inserted 1 documents into the collection","service":"user-service"}
{"level":"info","message":"inserting into contexts","service":"user-service"}
{"level":"info","message":"Inserted 1 documents into the collection","service":"user-service"}
{"level":"info","message":"inserting into contexts","service":"user-service"}
{"level":"info","message":"Inserted 1 documents into the collection","service":"user-service"}
{"level":"info","message":"inserting into contexts","service":"user-service"}
{"level":"info","message":"Inserted 1 documents into the collection","service":"user-service"}
{"level":"info","message":"inserting into contexts","service":"user-service"}
{"level":"info","message":"Inserted 1 documents into the collection","service":"user-service"}
{"level":"info","message":"inserting into contexts","service":"user-service"}
{"level":"info","message":"Inserted 1 documents into the collection","service":"user-service"}
{"level":"info","message":"inserting into contexts","service":"user-service"}
{"level":"info","message":"Inserted 1 documents into the collection","service":"user-service"}
{"level":"info","message":"inserting into contexts","service":"user-service"}
{"level":"info","message":"Inserted 1 documents into the collection","service":"user-service"}
{"level":"info","message":"inserting into contexts","service":"user-service"}
{"level":"info","message":"Inserted 1 documents into the collection","service":"user-service"}
{"level":"info","message":"inserting into contexts","service":"user-service"}
{"level":"info","message":"Inserted 1 documents into the collection","service":"user-service"}
{"level":"info","message":"inserting into contexts","service":"user-service"}
{"level":"info","message":"Inserted 1 documents into the collection","service":"user-service"}
{"level":"info","message":"inserting into contexts","service":"user-service"}
{"level":"info","message":"Inserted 1 documents into the collection","service":"user-service"}
{"level":"info","message":"inserting into contexts","service":"user-service"}
{"level":"info","message":"Inserted 1 documents into the collection","service":"user-service"}
{"level":"info","message":"inserting into contexts","service":"user-service"}
{"level":"info","message":"Inserted 1 documents into the collection","service":"user-service"}
{"level":"info","message":"inserting into contexts","service":"user-service"}
{"level":"info","message":"Inserted 1 documents into the collection","service":"user-service"}
{"level":"info","message":"inserting into contexts","service":"user-service"}
{"level":"info","message":"Inserted 1 documents into the collection","service":"user-service"}
{"level":"info","message":"inserting into contexts","service":"user-service"}
{"level":"info","message":"Inserted 1 documents into the collection","service":"user-service"}
{"level":"info","message":"inserting into contexts","service":"user-service"}
{"level":"info","message":"Inserted 1 documents into the collection","service":"user-service"}
{"level":"info","message":"inserting into contexts","service":"user-service"}
{"level":"info","message":"Inserted 1 documents into the collection","service":"user-service"}
{"level":"info","message":"inserting into contexts","service":"user-service"}
{"level":"info","message":"Inserted 1 documents into the collection","service":"user-service"}
{"level":"info","message":"inserting into contexts","service":"user-service"}
{"level":"info","message":"Inserted 1 documents into the collection","service":"user-service"}
{"level":"info","message":"inserting into contexts","service":"user-service"}
{"level":"info","message":"Inserted 1 documents into the collection","service":"user-service"}
{"level":"info","message":"inserting into contexts","service":"user-service"}
{"level":"info","message":"Inserted 1 documents into the collection","service":"user-service"}
{"level":"info","message":"inserting into contexts","service":"user-service"}
{"level":"info","message":"Inserted 1 documents into the collection","service":"user-service"}
{"level":"info","message":"inserting into contexts","service":"user-service"}
{"level":"info","message":"Inserted 1 documents into the collection","service":"user-service"}
{"level":"info","message":"inserting into contexts","service":"user-service"}
{"level":"info","message":"Inserted 1 documents into the collection","service":"user-service"}
{"level":"info","message":"inserting into contexts","service":"user-service"}
{"level":"info","message":"Inserted 1 documents into the collection","service":"user-service"}
{"level":"info","message":"inserting into contexts","service":"user-service"}
{"level":"info","message":"Inserted 1 documents into the collection","service":"user-service"}
{"level":"info","message":"inserting into contexts","service":"user-service"}
{"level":"info","message":"Inserted 1 documents into the collection","service":"user-service"}
{"level":"info","message":"inserting into contexts","service":"user-service"}
{"level":"info","message":"Inserted 1 documents into the collection","service":"user-service"}
{"level":"info","message":"inserting into contexts","service":"user-service"}
{"level":"info","message":"Inserted 1 documents into the collection","service":"user-service"}
{"level":"info","message":"inserting into contexts","service":"user-service"}
{"level":"info","message":"Inserted 1 documents into the collection","service":"user-service"}
{"level":"info","message":"inserting into contexts","service":"user-service"}
{"level":"info","message":"Inserted 1 documents into the collection","service":"user-service"}
{"level":"info","message":"inserting into contexts","service":"user-service"}
{"level":"info","message":"Inserted 1 documents into the collection","service":"user-service"}
{"level":"info","message":"inserting into contexts","service":"user-service"}
{"level":"info","message":"Inserted 1 documents into the collection","service":"user-service"}
{"level":"info","message":"inserting into contexts","service":"user-service"}
{"level":"info","message":"Inserted 1 documents into the collection","service":"user-service"}
{"level":"info","message":"inserting into contexts","service":"user-service"}
{"level":"info","message":"Inserted 1 documents into the collection","service":"user-service"}
{"level":"info","message":"inserting into contexts","service":"user-service"}
{"level":"info","message":"Inserted 1 documents into the collection","service":"user-service"}
{"level":"info","message":"inserting into contexts","service":"user-service"}
{"level":"info","message":"Inserted 1 documents into the collection","service":"user-service"}
{"level":"info","message":"inserting into contexts","service":"user-service"}
{"level":"info","message":"Inserted 1 documents into the collection","service":"user-service"}
{"level":"info","message":"inserting into contexts","service":"user-service"}
{"level":"info","message":"Inserted 1 documents into the collection","service":"user-service"}
{"level":"info","message":"inserting into contexts","service":"user-service"}
{"level":"info","message":"Inserted 1 documents into the collection","service":"user-service"}
{"level":"info","context":[{"_id":"609c5eeb3c5a284c90b1ee24","a":1}],"service":"user-service"}
{"level":"info","context":[{"_id":"609c5eeb3c5a284c90b1ee24","a":1}],"service":"user-service"}
{"level":"info","context":[{"_id":"609c5eeb3c5a284c90b1ee24","a":1}],"service":"user-service"}
{"level":"info","context":[{"_id":"609c5eeb3c5a284c90b1ee24","a":1}],"service":"user-service"}
{"level":"info","context":[{"_id":"609c5eeb3c5a284c90b1ee24","a":1}],"service":"user-service"}
{"level":"info","context":[{"_id":"609c5eeb3c5a284c90b1ee24","a":1}],"service":"user-service"}
{"level":"info","context":[{"_id":"609c5eeb3c5a284c90b1ee24","a":1}],"service":"user-service"}
{"level":"info","context":[{"_id":"609c5eeb3c5a284c90b1ee24","a":1}],"service":"user-service"}
{"level":"info","context":[{"_id":"609c5eeb3c5a284c90b1ee24","a":1}],"service":"user-service"}
{"level":"info","message":"inserting into contexts","service":"user-service"}
{"level":"info","message":"Inserted 1 documents into the collection","service":"user-service"}
{"level":"info","context":[{"_id":"609c5eeb3c5a284c90b1ee24","a":1}],"service":"user-service"}
{"level":"info","context":[{"_id":"609e6d3117158d85be5b5c06","contextId":"148495ad-67c5-4b60-b904-2e135f20ffc5","filePath":"/files/input_video.mp4"}],"service":"user-service"}
{"level":"info","context":[{"_id":"609e6d3117158d85be5b5c06","contextId":"148495ad-67c5-4b60-b904-2e135f20ffc5","filePath":"/files/input_video.mp4"}],"service":"user-service"}
{"level":"info","context":[{"_id":"609e6d3117158d85be5b5c06","contextId":"148495ad-67c5-4b60-b904-2e135f20ffc5","filePath":"/files/input_video.mp4"}],"service":"user-service"}
{"level":"info","context":[{"_id":"609e6d3117158d85be5b5c06","contextId":"148495ad-67c5-4b60-b904-2e135f20ffc5","filePath":"/files/input_video.mp4"}],"service":"user-service"}
{"level":"info","context":[{"_id":"609e6d3117158d85be5b5c06","contextId":"148495ad-67c5-4b60-b904-2e135f20ffc5","filePath":"/files/input_video.mp4"}],"service":"user-service"}
{"level":"info","message":"inserting into contexts","service":"user-service"}
{"level":"info","message":"Inserted 1 documents into the collection","service":"user-service"}
{"level":"info","context":[{"_id":"609e7cc7075632872735e551","contextId":"f34c58c0-f64c-483d-8ae5-18868f863ae2","filePath":"/files/input_video.mp4"}],"service":"user-service"}
{"level":"info","message":"inserting into contexts","service":"user-service"}
{"level":"info","message":"Inserted 1 documents into the collection","service":"user-service"}
{"level":"info","message":"inserting into contexts","service":"user-service"}
{"level":"info","message":"Inserted 1 documents into the collection","service":"user-service"}
{"level":"info","message":"inserting into contexts","service":"user-service"}
{"level":"info","message":"Inserted 1 documents into the collection","service":"user-service"}
{"level":"info","message":"inserting into contexts","service":"user-service"}
{"level":"info","message":"Inserted 1 documents into the collection","service":"user-service"}
{"level":"info","message":"inserting into contexts","service":"user-service"}
{"level":"info","message":"Inserted 1 documents into the collection","service":"user-service"}
{"level":"info","message":"inserting into contexts","service":"user-service"}
{"level":"info","message":"Inserted 1 documents into the collection","service":"user-service"}
{"level":"info","message":"inserting into contexts","service":"user-service"}
{"level":"info","message":"Inserted 1 documents into the collection","service":"user-service"}
{"level":"info","message":"inserting into contexts","service":"user-service"}
{"level":"info","message":"Inserted 1 documents into the collection","service":"user-service"}
{"level":"info","message":"inserting into contexts","service":"user-service"}
{"level":"info","message":"Inserted 1 documents into the collection","service":"user-service"}
{"level":"info","message":"inserting into contexts","service":"user-service"}
{"level":"info","message":"Inserted 1 documents into the collection","service":"user-service"}
{"level":"info","message":"inserting into contexts","service":"user-service"}
{"level":"info","message":"Inserted 1 documents into the collection","service":"user-service"}
{"level":"info","message":"inserting into contexts","service":"user-service"}
{"level":"info","message":"Inserted 1 documents into the collection","service":"user-service"}
{"level":"info","message":"inserting into contexts","service":"user-service"}
{"level":"info","message":"Inserted 1 documents into the collection","service":"user-service"}
